<?xml version="1.0" encoding="UTF-8"?>
<testsuite xmlns:xsi="http://www.w3.org/2001/XMLSchema-instance" xsi:schemaLocation="https://maven.apache.org/surefire/maven-surefire-plugin/xsd/surefire-test-report.xsd" name="TestSuite" time="1.798" tests="14" errors="0" skipped="0" failures="2">
  <properties>
    <property name="java.runtime.name" value="Java(TM) SE Runtime Environment"/>
    <property name="sun.boot.library.path" value="C:\Program Files\Java\jdk1.8.0_181\jre\bin"/>
    <property name="java.vm.version" value="25.181-b13"/>
    <property name="java.vm.vendor" value="Oracle Corporation"/>
    <property name="maven.multiModuleProjectDirectory" value="C:\Users\prabs\workspace\Fridayskillassesment"/>
    <property name="java.vendor.url" value="http://java.oracle.com/"/>
    <property name="path.separator" value=";"/>
    <property name="guice.disable.misplaced.annotation.check" value="true"/>
    <property name="java.vm.name" value="Java HotSpot(TM) 64-Bit Server VM"/>
    <property name="file.encoding.pkg" value="sun.io"/>
    <property name="user.script" value=""/>
    <property name="user.country" value="US"/>
    <property name="sun.java.launcher" value="SUN_STANDARD"/>
    <property name="sun.os.patch.level" value=""/>
    <property name="java.vm.specification.name" value="Java Virtual Machine Specification"/>
    <property name="user.dir" value="C:\Users\prabs\workspace\Fridayskillassesment"/>
    <property name="java.runtime.version" value="1.8.0_181-b13"/>
    <property name="java.awt.graphicsenv" value="sun.awt.Win32GraphicsEnvironment"/>
    <property name="java.endorsed.dirs" value="C:\Program Files\Java\jdk1.8.0_181\jre\lib\endorsed"/>
    <property name="os.arch" value="amd64"/>
    <property name="java.io.tmpdir" value="C:\Users\prabs\AppData\Local\Temp\1\"/>
    <property name="line.separator" value="&#10;"/>
    <property name="java.vm.specification.vendor" value="Oracle Corporation"/>
    <property name="user.variant" value=""/>
    <property name="os.name" value="Windows 10"/>
    <property name="classworlds.conf" value="C:\Users\prabs\apache-maven-3.3.9\bin\m2.conf"/>
    <property name="sun.jnu.encoding" value="Cp1252"/>
    <property name="java.library.path" value="C:\Program Files\Java\jdk1.8.0_181\bin;C:\WINDOWS\Sun\Java\bin;C:\WINDOWS\system32;C:\WINDOWS;C:\Program Files (x86)\Common Files\Oracle\Java\javapath;C:\ProgramData\Oracle\Java\javapath;C:\Users\prabs\apache-maven-3.3.9\bin\binC:\PERL51001\Perl\site\bin;C:\PERL51001\Perl\bin;C:\Program Files (x86)\RSA SecurID Token Common;C:\WINDOWS\system32;C:\WINDOWS;C:\WINDOWS\System32\Wbem;C:\WINDOWS\System32\WindowsPowerShell\v1.0\;C:\Program Files\Java\jdk1.8.0_181\bin\;C:\Program Files (x86)\Perforce;C:\Program Files\nodejs;C:\Users\prabs\AppData\Local\Android\sdk;C:\Users\prabs\AppData\Local\Android\sdk\tools;C:\Users\prabs\AppData\Local\Android\sdk\build-tools;C:\Users\prabs\AppData\Local\Android\sdk\platform-tools;C:\Program Files (x86)\Appium\node_modules\.bin;C:\Android;C:\Windows\System32;C:\Program Files (x86)\Skype\Phone\;C:\Program Files\nodejs\node_modules\npm\bin;C:\Program Files\nodejs\;C:\WINDOWS\System32\WindowsPowerShell\v1.0\;C:\Program Files (x86)\PuTTY\;C:\Users\prabs\apache-maven-3.3.9\bin;C:\Users\prabs\AppData\Roaming\npm;C:\Program Files\Microsoft VS Code\bin;C:\Users\prabs\AppData\Local\Microsoft\WindowsApps;;."/>
    <property name="java.specification.name" value="Java Platform API Specification"/>
    <property name="java.class.version" value="52.0"/>
    <property name="sun.management.compiler" value="HotSpot 64-Bit Tiered Compilers"/>
    <property name="os.version" value="10.0"/>
    <property name="user.home" value="C:\Users\prabs"/>
    <property name="user.timezone" value="Asia/Calcutta"/>
    <property name="java.awt.printerjob" value="sun.awt.windows.WPrinterJob"/>
    <property name="java.specification.version" value="1.8"/>
    <property name="file.encoding" value="Cp1252"/>
    <property name="user.name" value="prabs"/>
    <property name="java.class.path" value="C:\Users\prabs\apache-maven-3.3.9\boot\plexus-classworlds-2.5.2.jar"/>
    <property name="java.vm.specification.version" value="1.8"/>
    <property name="sun.arch.data.model" value="64"/>
    <property name="java.home" value="C:\Program Files\Java\jdk1.8.0_181\jre"/>
    <property name="sun.java.command" value="org.codehaus.plexus.classworlds.launcher.Launcher clean test"/>
    <property name="java.specification.vendor" value="Oracle Corporation"/>
    <property name="user.language" value="en"/>
    <property name="awt.toolkit" value="sun.awt.windows.WToolkit"/>
    <property name="java.vm.info" value="mixed mode"/>
    <property name="java.version" value="1.8.0_181"/>
    <property name="java.ext.dirs" value="C:\Program Files\Java\jdk1.8.0_181\jre\lib\ext;C:\WINDOWS\Sun\Java\lib\ext"/>
    <property name="sun.boot.class.path" value="C:\Program Files\Java\jdk1.8.0_181\jre\lib\resources.jar;C:\Program Files\Java\jdk1.8.0_181\jre\lib\rt.jar;C:\Program Files\Java\jdk1.8.0_181\jre\lib\sunrsasign.jar;C:\Program Files\Java\jdk1.8.0_181\jre\lib\jsse.jar;C:\Program Files\Java\jdk1.8.0_181\jre\lib\jce.jar;C:\Program Files\Java\jdk1.8.0_181\jre\lib\charsets.jar;C:\Program Files\Java\jdk1.8.0_181\jre\lib\jfr.jar;C:\Program Files\Java\jdk1.8.0_181\jre\classes"/>
    <property name="sun.stderr.encoding" value="cp437"/>
    <property name="java.vendor" value="Oracle Corporation"/>
    <property name="maven.home" value="C:\Users\prabs\apache-maven-3.3.9"/>
    <property name="file.separator" value="\"/>
    <property name="java.vendor.url.bug" value="http://bugreport.sun.com/bugreport/"/>
    <property name="sun.cpu.endian" value="little"/>
    <property name="sun.io.unicode.encoding" value="UnicodeLittle"/>
    <property name="sun.stdout.encoding" value="cp437"/>
    <property name="sun.desktop" value="windows"/>
    <property name="sun.cpu.isalist" value="amd64"/>
  </properties>
  <testcase name="TC_02" classname="com.friday.test.Fridayskillassesment.convertstringtoJSON" time="0.052"/>
  <testcase name="TC_02" classname="com.friday.test.Fridayskillassesment.convertstringtoJSON" time="0.002"/>
  <testcase name="TC_02" classname="com.friday.test.Fridayskillassesment.convertstringtoJSON" time="0.004"/>
  <testcase name="TC_03" classname="com.friday.test.Fridayskillassesment.convertstringtoJSON" time="0.002"/>
  <testcase name="TC_03" classname="com.friday.test.Fridayskillassesment.convertstringtoJSON" time="0.004"/>
  <testcase name="TC_04" classname="com.friday.test.Fridayskillassesment.convertstringtoJSON" time="0.005"/>
  <testcase name="TC_04" classname="com.friday.test.Fridayskillassesment.convertstringtoJSON" time="0.004"/>
  <testcase name="TC_04" classname="com.friday.test.Fridayskillassesment.convertstringtoJSON" time="0.006"/>
  <testcase name="TC_04" classname="com.friday.test.Fridayskillassesment.convertstringtoJSON" time="0.002"/>
  <testcase name="TC_04" classname="com.friday.test.Fridayskillassesment.convertstringtoJSON" time="0.003"/>
  <testcase name="TC_04" classname="com.friday.test.Fridayskillassesment.convertstringtoJSON" time="0.017"/>
  <testcase name="TC_04" classname="com.friday.test.Fridayskillassesment.convertstringtoJSON" time="0.002"/>
  <testcase name="TC_05_negative" classname="com.friday.test.Fridayskillassesment.convertstringtoJSON_Negative" time="0.013">
    <failure message="House number is Blaufeldweg - house number should have numeric values expected [true] but found [false]" type="java.lang.AssertionError">java.lang.AssertionError: House number is Blaufeldweg - house number should have numeric values expected [true] but found [false]
	at com.friday.test.Fridayskillassesment.convertstringtoJSON_Negative.TC_05_negative(convertstringtoJSON_Negative.java:32)
</failure>
    <system-out><![CDATA[TC_05_negative
house number should have numeric values
]]></system-out>
  </testcase>
  <testcase name="TC_06_negative" classname="com.friday.test.Fridayskillassesment.convertstringtoJSON_Negative" time="0.002">
    <failure message="Street name is wintralle 3 berlin - Street name should have string values with no numbers between expected [true] but found [false]" type="java.lang.AssertionError">java.lang.AssertionError: Street name is wintralle 3 berlin - Street name should have string values with no numbers between expected [true] but found [false]
	at com.friday.test.Fridayskillassesment.convertstringtoJSON_Negative.TC_06_negative(convertstringtoJSON_Negative.java:39)
</failure>
    <system-out><![CDATA[TC_06_negative
Street name should have string values
]]></system-out>
  </testcase>
</testsuite>