<?xml version="1.0" encoding="UTF-8"?>
<!-- Generated by org.testng.reporters.JUnitReportReporter -->
<testsuite skipped="0" hostname="L-MAA-25005271" name="com.friday.test.Fridayskillassesment.convertstringtoJSON" tests="12" failures="0" timestamp="01 Nov 2018 04:31:27 GMT" time="0.123" errors="0">
  <testcase name="TC_02" time="0.008" classname="com.friday.test.Fridayskillassesment.convertstringtoJSON"/>
  <testcase name="TC_04" time="0.004" classname="com.friday.test.Fridayskillassesment.convertstringtoJSON"/>
  <testcase name="TC_04" time="0.004" classname="com.friday.test.Fridayskillassesment.convertstringtoJSON"/>
  <testcase name="TC_03" time="0.003" classname="com.friday.test.Fridayskillassesment.convertstringtoJSON"/>
  <testcase name="TC_04" time="0.005" classname="com.friday.test.Fridayskillassesment.convertstringtoJSON"/>
  <testcase name="TC_03" time="0.004" classname="com.friday.test.Fridayskillassesment.convertstringtoJSON"/>
  <testcase name="TC_04" time="0.016" classname="com.friday.test.Fridayskillassesment.convertstringtoJSON"/>
  <testcase name="TC_04" time="0.003" classname="com.friday.test.Fridayskillassesment.convertstringtoJSON"/>
  <testcase name="TC_04" time="0.003" classname="com.friday.test.Fridayskillassesment.convertstringtoJSON"/>
  <testcase name="TC_02" time="0.062" classname="com.friday.test.Fridayskillassesment.convertstringtoJSON"/>
  <testcase name="TC_04" time="0.003" classname="com.friday.test.Fridayskillassesment.convertstringtoJSON"/>
  <testcase name="TC_02" time="0.008" classname="com.friday.test.Fridayskillassesment.convertstringtoJSON"/>
</testsuite> <!-- com.friday.test.Fridayskillassesment.convertstringtoJSON -->
