<?xml version="1.0" encoding="UTF-8"?>
<!-- Generated by org.testng.reporters.JUnitReportReporter -->
<testsuite skipped="0" hostname="L-MAA-25005271" name="com.friday.test.Fridayskillassesment.DriverScript" tests="24" failures="0" timestamp="31 Oct 2018 12:44:08 GMT" time="0.212" errors="0">
  <testcase name="convertstringtoJSON1" time="0.038" classname="com.friday.test.Fridayskillassesment.DriverScript"/>
  <testcase name="convertstringtoJSON1" time="0.004" classname="com.friday.test.Fridayskillassesment.DriverScript"/>
  <testcase name="convertstringtoJSON1" time="0.005" classname="com.friday.test.Fridayskillassesment.DriverScript"/>
  <testcase name="convertstringtoJSON" time="0.004" classname="com.friday.test.Fridayskillassesment.DriverScript"/>
  <testcase name="convertstringtoJSON1" time="0.004" classname="com.friday.test.Fridayskillassesment.DriverScript"/>
  <testcase name="convertstringtoJSON" time="0.005" classname="com.friday.test.Fridayskillassesment.DriverScript"/>
  <testcase name="convertstringtoJSON" time="0.004" classname="com.friday.test.Fridayskillassesment.DriverScript"/>
  <testcase name="convertstringtoJSON1" time="0.005" classname="com.friday.test.Fridayskillassesment.DriverScript"/>
  <testcase name="convertstringtoJSON" time="0.003" classname="com.friday.test.Fridayskillassesment.DriverScript"/>
  <testcase name="convertstringtoJSON" time="0.006" classname="com.friday.test.Fridayskillassesment.DriverScript"/>
  <testcase name="convertstringtoJSON" time="0.003" classname="com.friday.test.Fridayskillassesment.DriverScript"/>
  <testcase name="convertstringtoJSON" time="0.007" classname="com.friday.test.Fridayskillassesment.DriverScript"/>
  <testcase name="convertstringtoJSON1" time="0.005" classname="com.friday.test.Fridayskillassesment.DriverScript"/>
  <testcase name="convertstringtoJSON" time="0.002" classname="com.friday.test.Fridayskillassesment.DriverScript"/>
  <testcase name="convertstringtoJSON" time="0.003" classname="com.friday.test.Fridayskillassesment.DriverScript"/>
  <testcase name="convertstringtoJSON" time="0.004" classname="com.friday.test.Fridayskillassesment.DriverScript"/>
  <testcase name="convertstringtoJSON" time="0.005" classname="com.friday.test.Fridayskillassesment.DriverScript"/>
  <testcase name="convertstringtoJSON1" time="0.019" classname="com.friday.test.Fridayskillassesment.DriverScript"/>
  <testcase name="convertstringtoJSON1" time="0.005" classname="com.friday.test.Fridayskillassesment.DriverScript"/>
  <testcase name="convertstringtoJSON1" time="0.003" classname="com.friday.test.Fridayskillassesment.DriverScript"/>
  <testcase name="convertstringtoJSON" time="0.065" classname="com.friday.test.Fridayskillassesment.DriverScript"/>
  <testcase name="convertstringtoJSON1" time="0.005" classname="com.friday.test.Fridayskillassesment.DriverScript"/>
  <testcase name="convertstringtoJSON1" time="0.005" classname="com.friday.test.Fridayskillassesment.DriverScript"/>
  <testcase name="convertstringtoJSON1" time="0.003" classname="com.friday.test.Fridayskillassesment.DriverScript"/>
</testsuite> <!-- com.friday.test.Fridayskillassesment.DriverScript -->
