<?xml version="1.0" encoding="UTF-8"?>
<!-- Generated by org.testng.reporters.JUnitReportReporter -->
<testsuite hostname="L-MAA-25005271" name="com.friday.test.Fridayskillassesment.convertstringtoJSON" tests="12" failures="0" timestamp="1 Nov 2018 04:18:12 GMT" time="0.102" errors="0">
  <testcase name="TC_02" time="0.051" classname="com.friday.test.Fridayskillassesment.convertstringtoJSON"/>
  <testcase name="TC_04" time="0.003" classname="com.friday.test.Fridayskillassesment.convertstringtoJSON"/>
  <testcase name="TC_02" time="0.005" classname="com.friday.test.Fridayskillassesment.convertstringtoJSON"/>
  <testcase name="TC_04" time="0.002" classname="com.friday.test.Fridayskillassesment.convertstringtoJSON"/>
  <testcase name="TC_04" time="0.002" classname="com.friday.test.Fridayskillassesment.convertstringtoJSON"/>
  <testcase name="TC_04" time="0.015" classname="com.friday.test.Fridayskillassesment.convertstringtoJSON"/>
  <testcase name="TC_04" time="0.004" classname="com.friday.test.Fridayskillassesment.convertstringtoJSON"/>
  <testcase name="TC_03" time="0.003" classname="com.friday.test.Fridayskillassesment.convertstringtoJSON"/>
  <testcase name="TC_04" time="0.007" classname="com.friday.test.Fridayskillassesment.convertstringtoJSON"/>
  <testcase name="TC_04" time="0.002" classname="com.friday.test.Fridayskillassesment.convertstringtoJSON"/>
  <testcase name="TC_03" time="0.004" classname="com.friday.test.Fridayskillassesment.convertstringtoJSON"/>
  <testcase name="TC_02" time="0.004" classname="com.friday.test.Fridayskillassesment.convertstringtoJSON"/>
</testsuite> <!-- com.friday.test.Fridayskillassesment.convertstringtoJSON -->
